<?xml version="1.0" encoding="UTF-8"?>
<!-- Generated by org.testng.reporters.JUnitReportReporter -->
<testsuite hostname="DESKTOP-R3UI0I8" failures="0" tests="3" name="myTests.PriorityTest" time="0.045" errors="0" timestamp="2024-09-09T17:56:37 IST" skipped="0">
  <testcase classname="myTests.PriorityTest" name="cartTest" time="0.034"/>
  <system-out/>
  <testcase classname="myTests.PriorityTest" name="searchTest" time="0.008"/>
  <system-out/>
  <testcase classname="myTests.PriorityTest" name="paymentTest" time="0.003"/>
  <system-out/>
</testsuite> <!-- myTests.PriorityTest -->
