<?xml version="1.0" encoding="UTF-8"?>
<!-- Generated by org.testng.reporters.JUnitReportReporter -->
<testsuite hostname="DESKTOP-R3UI0I8" failures="0" tests="3" name="myTests.TestNGFeatures" time="0.044" errors="0" timestamp="2024-09-08T16:09:20 IST" skipped="0">
  <testcase classname="myTests.TestNGFeatures" name="searchTest" time="0.009"/>
  <system-out/>
  <testcase classname="myTests.TestNGFeatures" name="paymentTest" time="0.013"/>
  <system-out/>
  <testcase classname="myTests.TestNGFeatures" name="cartTest" time="0.022"/>
  <system-out/>
</testsuite> <!-- myTests.TestNGFeatures -->
