<?xml version="1.0" encoding="UTF-8"?>
<!-- Generated by org.testng.reporters.JUnitReportReporter -->
<testsuite hostname="DESKTOP-R3UI0I8" failures="0" tests="2" name="testNGFeatures.GooglePageTest" time="1.214" errors="0" timestamp="2024-09-12T23:34:28 IST" skipped="0">
  <testcase classname="testNGFeatures.GooglePageTest" name="getUrl" time="1.111"/>
  <system-out/>
  <testcase classname="testNGFeatures.GooglePageTest" name="googlePageTitle" time="0.103"/>
  <system-out/>
</testsuite> <!-- testNGFeatures.GooglePageTest -->
