<?xml version="1.0" encoding="UTF-8"?>
<!-- Generated by org.testng.reporters.JUnitReportReporter -->
<testsuite hostname="DESKTOP-R3UI0I8" failures="0" tests="2" name="testNGFeatures.OrangeHRMPageTest" time="0.095" errors="0" timestamp="2024-09-12T23:34:28 IST" skipped="0">
  <testcase classname="testNGFeatures.OrangeHRMPageTest" name="getUrl" time="0.047"/>
  <system-out/>
  <testcase classname="testNGFeatures.OrangeHRMPageTest" name="OrangePageTitle" time="0.048"/>
  <system-out/>
</testsuite> <!-- testNGFeatures.OrangeHRMPageTest -->
