<?xml version="1.0" encoding="UTF-8"?>
<!-- Generated by org.testng.reporters.JUnitReportReporter -->
<testsuite hostname="DESKTOP-R3UI0I8" failures="0" tests="1" name="testNGFeatures.Dummy" time="0.032" errors="0" timestamp="2024-09-12T23:32:51 IST" skipped="0">
  <testcase classname="testNGFeatures.Dummy" name="run" time="0.032"/>
  <system-out/>
</testsuite> <!-- testNGFeatures.Dummy -->
